<?xml version="1.0" encoding="UTF-8"?>
<!-- Generated by org.testng.reporters.JUnitXMLReporter -->
<testsuite ignored="0" hostname="DESKTOP-J7CV5QU" failures="0" tests="7" name="Authorization" time="0.077" errors="0" timestamp="2025-11-05T12:14:06 CET">
  <testcase classname="test.Authorization" name="SignIn" time="0.007"/>
  <testcase classname="test.MainFunctional" name="DeleteItems" time="0.001"/>
  <testcase classname="test.MainFunctional" name="DeleteOneItem" time="0.002"/>
  <testcase classname="test.MainFunctional" name="DeleteTwoItems" time="0.002"/>
  <testcase classname="test.MainFunctional" name="GetItems" time="0.002"/>
  <testcase classname="test.MiddleFunctional" name="CheckFooter" time="0.002"/>
  <testcase classname="test.MiddleFunctional" name="CheckLinks" time="0.002"/>
</testsuite> <!-- Authorization -->
