<?xml version="1.0" encoding="UTF-8"?>
<!-- Generated by org.testng.reporters.JUnitXMLReporter -->
<testsuite ignored="1" hostname="DESKTOP-J7CV5QU" failures="0" tests="3" name="MainFunctional" time="0.013" errors="0" timestamp="2025-10-31T14:39:15 CET">
  <testcase classname="test.MainFunctional" name="DeleteItems" time="0.001"/>
  <testcase classname="test.MainFunctional" name="DeleteOneItem" time="0.001"/>
  <testcase classname="test.MainFunctional" name="DeleteTwoItems" time="0.001"/>
  <testcase classname="test.MainFunctional" name="GetItems" time="0.0">
    <ignored/>
  </testcase> <!-- GetItems -->
</testsuite> <!-- MainFunctional -->
