<?xml version="1.0" encoding="UTF-8"?>
<!-- Generated by org.testng.reporters.JUnitXMLReporter -->
<testsuite ignored="0" hostname="DESKTOP-J7CV5QU" failures="0" tests="7" name="Regression" time="0.191" errors="0" timestamp="2025-11-06T15:18:07 CET">
  <testcase classname="test.DownloadItems" name="@BeforeTest SignUp" time="0.016">
    <failure type="java.lang.AssertionError" message="expected [true] but found [false]">
      <![CDATA[java.lang.AssertionError: expected [true] but found [false]
at test.DownloadItems.SignUp(DownloadItems.java:37)
... Removed 26 stack frames]]>
    </failure>
  </testcase> <!-- @BeforeTest SignUp -->
  <testcase classname="test.MiddleFunctional" name="@BeforeMethod BeforeEveryMethod" time="0.0">
    <skipped/>
  </testcase> <!-- @BeforeMethod BeforeEveryMethod -->
  <testcase classname="test.MiddleFunctional" name="@AfterMethod FillForm" time="0.0">
    <skipped/>
  </testcase> <!-- @AfterMethod FillForm -->
  <testcase classname="test.MiddleFunctional" name="@BeforeMethod BeforeEveryMethod" time="0.0">
    <skipped/>
  </testcase> <!-- @BeforeMethod BeforeEveryMethod -->
  <testcase classname="test.MiddleFunctional" name="@AfterMethod FillForm" time="0.0">
    <skipped/>
  </testcase> <!-- @AfterMethod FillForm -->
  <testcase classname="test.MiddleFunctional" name="@BeforeMethod BeforeEveryMethod" time="0.0">
    <skipped/>
  </testcase> <!-- @BeforeMethod BeforeEveryMethod -->
  <testcase classname="test.MiddleFunctional" name="@AfterMethod FillForm" time="0.0">
    <skipped/>
  </testcase> <!-- @AfterMethod FillForm -->
  <testcase classname="test.DownloadItems" name="@AfterTest Login" time="0.0">
    <skipped/>
  </testcase> <!-- @AfterTest Login -->
  <testcase classname="test.DownloadItems" name="LogOut" time="0.0">
    <skipped/>
  </testcase> <!-- LogOut -->
  <testcase classname="test.DownloadItems" name="SignIn" time="0.0">
    <skipped/>
  </testcase> <!-- SignIn -->
  <testcase classname="test.DownloadItems" name="SignOut" time="0.0">
    <skipped/>
  </testcase> <!-- SignOut -->
  <testcase classname="test.DownloadItems" name="SignOut" time="0.0">
    <skipped/>
  </testcase> <!-- SignOut -->
  <testcase classname="test.MiddleFunctional" name="CheckFooter" time="0.0">
    <skipped/>
  </testcase> <!-- CheckFooter -->
  <testcase classname="test.MiddleFunctional" name="CheckHeader" time="0.0">
    <skipped/>
  </testcase> <!-- CheckHeader -->
  <testcase classname="test.MiddleFunctional" name="CheckLinks" time="0.0">
    <skipped/>
  </testcase> <!-- CheckLinks -->
</testsuite> <!-- Regression -->
