<?xml version="1.0" encoding="UTF-8"?>
<!-- Generated by org.testng.reporters.JUnitXMLReporter -->
<testsuite ignored="0" hostname="DESKTOP-J7CV5QU" failures="0" tests="5" name="testFirst" time="0.126" errors="0" timestamp="2025-11-07T09:56:24 CET">
  <testcase classname="test.MainFunctional" name="DeleteOneItem" time="0.011"/>
  <testcase classname="test.MainFunctional" name="DeleteTwoItems" time="0.004"/>
  <testcase classname="test.MainFunctional" name="GetItems" time="0.003"/>
  <testcase classname="test.MainFunctional" name="DeleteItems" time="0.004"/>
  <testcase classname="test.Authorization" name="SignIn" time="0.012"/>
</testsuite> <!-- testFirst -->
