<?xml version="1.0" encoding="UTF-8"?>
<!-- Generated by org.testng.reporters.JUnitXMLReporter -->
<testsuite ignored="0" hostname="DESKTOP-J7CV5QU" failures="0" tests="3" name="testSecond" time="0.053" errors="0" timestamp="2025-11-07T09:56:24 CET">
  <testcase classname="test.MiddleFunctional" name="CheckFooter" time="0.003"/>
  <testcase classname="test.MiddleFunctional" name="CheckHeader" time="0.008"/>
  <testcase classname="test.MiddleFunctional" name="CheckLinks" time="0.003"/>
</testsuite> <!-- testSecond -->
