<?xml version="1.0" encoding="UTF-8"?>
<!-- Generated by org.testng.reporters.JUnitReportReporter -->
<testsuite hostname="DESKTOP-J7CV5QU" failures="0" tests="4" name="test.MainFunctional" time="0.022" errors="0" timestamp="2025-11-07T09:56:24 CET" skipped="0">
  <testcase classname="test.MainFunctional" name="GetItems" time="0.003"/>
  <testcase classname="test.MainFunctional" name="DeleteItems" time="0.004"/>
  <testcase classname="test.MainFunctional" name="DeleteOneItem" time="0.011"/>
  <testcase classname="test.MainFunctional" name="DeleteTwoItems" time="0.004"/>
</testsuite> <!-- test.MainFunctional -->
