<?xml version="1.0" encoding="UTF-8"?>
<!-- Generated by org.testng.reporters.JUnitReportReporter -->
<testsuite hostname="DESKTOP-J7CV5QU" failures="0" tests="3" name="test.MiddleFunctional" time="0.021" errors="0" timestamp="2025-11-07T09:56:24 CET" skipped="0">
  <testcase classname="test.MiddleFunctional" name="CheckHeader" time="0.010"/>
  <testcase classname="test.MiddleFunctional" name="CheckLinks" time="0.005"/>
  <testcase classname="test.MiddleFunctional" name="CheckFooter" time="0.006"/>
</testsuite> <!-- test.MiddleFunctional -->
